<?xml version="1.0" encoding="UTF-8"?>
<!-- Generated by org.testng.reporters.JUnitReportReporter -->
<testsuite skipped="0" hostname="Rakyesh-PC" name="webservices.GetData" tests="1" failures="0" timestamp="17 Jul 2019 16:19:12 GMT" time="10.000" errors="0">
  <testcase name="getTest" time="10.000" classname="webservices.GetData"/>
</testsuite> <!-- webservices.GetData -->
