<?xml version="1.0" encoding="UTF-8"?>
<!-- Generated by org.testng.reporters.JUnitReportReporter -->
<testsuite skipped="0" hostname="Rakyesh-PC" name="testsuite1.Naukri" tests="1" failures="0" timestamp="18 Jul 2019 06:14:31 GMT" time="50.792" errors="0">
  <testcase name="name" time="50.792" classname="testsuite1.Naukri"/>
</testsuite> <!-- testsuite1.Naukri -->
