<?xml version="1.0" encoding="UTF-8"?>
<!-- Generated by org.testng.reporters.JUnitReportReporter -->
<testsuite skipped="0" hostname="Rakyesh-PC" name="webservices.PostData" tests="1" failures="0" timestamp="17 Jul 2019 17:56:02 GMT" time="4.746" errors="0">
  <testcase name="postData" time="4.746" classname="webservices.PostData"/>
</testsuite> <!-- webservices.PostData -->
