<?xml version="1.0" encoding="UTF-8"?>
<!-- Generated by org.testng.reporters.JUnitReportReporter -->
<testsuite skipped="0" hostname="Rakyesh-PC" name="apitesting.DeleteData" tests="1" failures="0" timestamp="17 Jul 2019 11:08:57 GMT" time="4.521" errors="0">
  <testcase name="postTest" time="4.521" classname="apitesting.DeleteData"/>
</testsuite> <!-- apitesting.DeleteData -->
