<?xml version="1.0" encoding="UTF-8"?>
<!-- Generated by org.testng.reporters.JUnitReportReporter -->
<testsuite skipped="0" hostname="Rakyesh-PC" name="webservices.DeleteData" tests="1" failures="0" timestamp="17 Jul 2019 18:00:07 GMT" time="4.831" errors="0">
  <testcase name="postData" time="4.831" classname="webservices.DeleteData"/>
</testsuite> <!-- webservices.DeleteData -->
