<?xml version="1.0" encoding="UTF-8"?>
<!-- Generated by org.testng.reporters.JUnitReportReporter -->
<testsuite skipped="0" hostname="Rakyesh-PC" name="apitesting.PutData" tests="1" failures="0" timestamp="17 Jul 2019 11:05:26 GMT" time="4.495" errors="0">
  <testcase name="putTest" time="4.495" classname="apitesting.PutData"/>
</testsuite> <!-- apitesting.PutData -->
