<?xml version="1.0" encoding="UTF-8"?>
<!-- Generated by org.testng.reporters.JUnitReportReporter -->
<testsuite skipped="0" hostname="Rakyesh-PC" name="webservices.PutData" tests="1" failures="0" timestamp="18 Jul 2019 06:17:40 GMT" time="7.199" errors="0">
  <testcase name="postData" time="7.199" classname="webservices.PutData"/>
</testsuite> <!-- webservices.PutData -->
