<?xml version="1.0" encoding="UTF-8"?>
<!-- Generated by org.testng.reporters.JUnitReportReporter -->
<testsuite skipped="0" hostname="Rakyesh-PC" name="apitesting.GetData" tests="1" failures="0" timestamp="17 Jul 2019 11:17:56 GMT" time="3.900" errors="0">
  <testcase name="test" time="3.900" classname="apitesting.GetData"/>
</testsuite> <!-- apitesting.GetData -->
